<?xml version="1.0" encoding="UTF-8"?>
<!-- Generated by org.testng.reporters.JUnitXMLReporter -->
<testsuite hostname="SivaPrasadKadiyala" name="Title Validation" tests="2" failures="2" timestamp="5 Mar 2020 04:21:00 GMT" time="14.319" errors="0">
  <testcase name="TitleValidation" time="0.106" classname="Academy.ValidateTitle">
    <failure type="java.lang.AssertionError" message="expected:&amp;lt;FEATURED COURSES&amp;gt; but was:&amp;lt;FEATURED COURSES123&amp;gt;">
      <![CDATA[java.lang.AssertionError: expected:<FEATURED COURSES> but was:<FEATURED COURSES123>
	at Academy.ValidateTitle.TitleValidation(ValidateTitle.java:36)
... Removed 26 stack frames]]>
    </failure>
  </testcase> <!-- TitleValidation -->
  <testcase name="TitleValidation" time="0.134" classname="Academy.ValidateTitle">
    <failure type="java.lang.NullPointerException">
      <![CDATA[java.lang.NullPointerException
	at resources.base.takeScreenshot(base.java:53)
	at Academy.listeners.onTestFailure(listeners.java:29)
... Removed 21 stack frames]]>
    </failure>
  </testcase> <!-- TitleValidation -->
</testsuite> <!-- Title Validation -->
